<?xml version="1.0" encoding="UTF-8"?>
<!-- Generated by org.testng.reporters.JUnitReportReporter -->
<testsuite hostname="Solventek" failures="0" tests="1" name="com.example.loadtest.ExistingPatientLogin" time="153.294" errors="0" timestamp="2024-05-27T14:30:00 IST" skipped="0">
  <testcase classname="com.example.loadtest.ExistingPatientLogin" name="loginPage" time="153.294"/>
</testsuite> <!-- com.example.loadtest.ExistingPatientLogin -->
