<?xml version="1.0" encoding="UTF-8"?>
<!-- Generated by org.testng.reporters.JUnitReportReporter -->
<testsuite hostname="Solventek" failures="0" tests="1" name="com.example.loadtest.ExistingPatient" time="160.778" errors="0" timestamp="2024-05-24T20:03:42 IST" skipped="0">
  <testcase classname="com.example.loadtest.ExistingPatient" name="loginPage" time="160.778"/>
</testsuite> <!-- com.example.loadtest.ExistingPatient -->
