<?xml version="1.0" encoding="UTF-8"?>
<!-- Generated by org.testng.reporters.JUnitReportReporter -->
<testsuite hostname="Solventek" failures="0" tests="1" name="com.example.automate.ExistingPatientLogin" time="7.525" errors="0" timestamp="2024-06-04T11:49:43 IST" skipped="0">
  <testcase classname="com.example.automate.ExistingPatientLogin" name="loginPage" time="7.525"/>
</testsuite> <!-- com.example.automate.ExistingPatientLogin -->
