<?xml version="1.0" encoding="UTF-8"?>
<!-- Generated by org.testng.reporters.JUnitReportReporter -->
<testsuite hostname="Solventek" failures="0" tests="1" name="com.example.loadtest.NewPatientLogin" time="163.870" errors="0" timestamp="2024-05-27T12:38:56 IST" skipped="0">
  <testcase classname="com.example.loadtest.NewPatientLogin" name="loginPage" time="163.870"/>
</testsuite> <!-- com.example.loadtest.NewPatientLogin -->
