<?xml version="1.0" encoding="UTF-8"?>
<!-- Generated by org.testng.reporters.JUnitReportReporter -->
<testsuite hostname="Solventek" failures="0" tests="1" name="com.example.loadtest.ExistingPatient" time="145.271" errors="0" timestamp="2024-05-24T13:59:18 IST" skipped="0">
  <testcase classname="com.example.loadtest.ExistingPatient" name="loginPage" time="145.271"/>
</testsuite> <!-- com.example.loadtest.ExistingPatient -->
