<?xml version="1.0" encoding="UTF-8"?>
<!-- Generated by org.testng.reporters.JUnitReportReporter -->
<testsuite hostname="Solventek" failures="0" tests="1" name="com.example.loadtest.load_test_project.LoadClass" time="5.040" errors="0" timestamp="2024-04-22T12:18:11 IST" skipped="0">
  <testcase classname="com.example.loadtest.load_test_project.LoadClass" name="loginPage" time="5.040"/>
</testsuite> <!-- com.example.loadtest.load_test_project.LoadClass -->
