<?xml version="1.0" encoding="UTF-8"?>
<!-- Generated by org.testng.reporters.JUnitReportReporter -->
<testsuite hostname="Solventek" failures="0" tests="4" name="com.example.loadtest.load_test_project.PerformanceandLoad" time="0.091" errors="0" timestamp="2024-04-16T11:39:51 IST" skipped="0">
  <testcase classname="com.example.loadtest.load_test_project.PerformanceandLoad" name="loadTesting" time="0.028"/>
  <testcase classname="com.example.loadtest.load_test_project.PerformanceandLoad" name="loadTesting" time="0.016"/>
  <testcase classname="com.example.loadtest.load_test_project.PerformanceandLoad" name="loadTesting" time="0.035"/>
  <testcase classname="com.example.loadtest.load_test_project.PerformanceandLoad" name="loadTesting" time="0.012"/>
</testsuite> <!-- com.example.loadtest.load_test_project.PerformanceandLoad -->
